生成启动时间为 12/6/2014 1:08:04 PM。
     1>项目“G:\ZJU\MFC+OpenGL\skeletal animation\skeletal animation\skeletal animation.vcxproj”在节点 2 上(Build 个目标)。
     1>ClCompile:
         F:\VS2013\VC\bin\CL.exe /c /ZI /nologo /W3 /WX- /Od /Oy- /D WIN32 /D _WINDOWS /D _DEBUG /D _UNICODE /D UNICODE /D _AFXDLL /Gm /EHsc /RTC1 /MDd /GS /fp:precise /Zc:wchar_t /Zc:forScope /Yu"stdafx.h" /Fp"Debug\skeletal animation.pch" /Fo"Debug\\" /Fd"Debug\vc120.pdb" /Gd /TP /analyze- /errorReport:prompt "skeletal animationView.cpp"
         skeletal animationView.cpp
     1>g:\zju\mfc+opengl\skeletal animation\skeletal animation\skeletal animationview.cpp(1733): warning C4805: “==”: 在操作中将类型“BOOL”与类型“bool”混合不安全
       Link:
         F:\VS2013\VC\bin\link.exe /ERRORREPORT:PROMPT /OUT:"G:\ZJU\MFC+OpenGL\skeletal animation\Debug\skeletal animation.exe" /INCREMENTAL /NOLOGO /MANIFEST /MANIFESTUAC:"level='asInvoker' uiAccess='false'" /manifest:embed /manifestinput:F:\VS2013\VC\Include\Manifest\dpiaware.manifest /DEBUG /PDB:"G:\ZJU\MFC+OpenGL\skeletal animation\Debug\skeletal animation.pdb" /SUBSYSTEM:WINDOWS /TLBID:1 /ENTRY:"wWinMainCRTStartup" /DYNAMICBASE /NXCOMPAT /IMPLIB:"G:\ZJU\MFC+OpenGL\skeletal animation\Debug\skeletal animation.lib" /MACHINE:X86 "Debug\skeletal animation.res"
         Debug\FrameList.obj
         Debug\framenode.obj
         Debug\Gesture.obj
         Debug\glm.obj
         Debug\MainFrm.obj
         "Debug\skeletal animation.obj"
         "Debug\skeletal animationDoc.obj"
         "Debug\skeletal animationView.obj"
         Debug\stdafx.obj
         skeletal animation.vcxproj -> G:\ZJU\MFC+OpenGL\skeletal animation\Debug\skeletal animation.exe
     1>已完成生成项目“G:\ZJU\MFC+OpenGL\skeletal animation\skeletal animation\skeletal animation.vcxproj”(Build 个目标)的操作。

生成成功。

已用时间 00:00:46.91
