c:\users\tiny\desktop\skeletal animation\skeletal animation\debug\skeletal animation.pch
c:\users\tiny\desktop\skeletal animation\skeletal animation\debug\vc120.pdb
c:\users\tiny\desktop\skeletal animation\skeletal animation\debug\vc120.idb
c:\users\tiny\desktop\skeletal animation\skeletal animation\debug\stdafx.obj
c:\users\tiny\desktop\skeletal animation\skeletal animation\debug\framelist.obj
c:\users\tiny\desktop\skeletal animation\skeletal animation\debug\framenode.obj
c:\users\tiny\desktop\skeletal animation\skeletal animation\debug\gesture.obj
c:\users\tiny\desktop\skeletal animation\skeletal animation\debug\glm.obj
c:\users\tiny\desktop\skeletal animation\skeletal animation\debug\mainfrm.obj
c:\users\tiny\desktop\skeletal animation\skeletal animation\debug\skeletal animation.obj
c:\users\tiny\desktop\skeletal animation\skeletal animation\debug\skeletal animationdoc.obj
c:\users\tiny\desktop\skeletal animation\skeletal animation\debug\skeletal animationview.obj
c:\users\tiny\desktop\skeletal animation\debug\skeletal animation.ilk
c:\users\tiny\desktop\skeletal animation\debug\skeletal animation.exe
c:\users\tiny\desktop\skeletal animation\debug\skeletal animation.pdb
c:\users\tiny\desktop\skeletal animation\skeletal animation\debug\skeletal animation.res
c:\users\tiny\desktop\skeletal animation\skeletal animation\debug\skeletal.5361d2b1.tlog\cl.command.1.tlog
c:\users\tiny\desktop\skeletal animation\skeletal animation\debug\skeletal.5361d2b1.tlog\cl.read.1.tlog
c:\users\tiny\desktop\skeletal animation\skeletal animation\debug\skeletal.5361d2b1.tlog\cl.write.1.tlog
c:\users\tiny\desktop\skeletal animation\skeletal animation\debug\skeletal.5361d2b1.tlog\link.command.1.tlog
c:\users\tiny\desktop\skeletal animation\skeletal animation\debug\skeletal.5361d2b1.tlog\link.read.1.tlog
c:\users\tiny\desktop\skeletal animation\skeletal animation\debug\skeletal.5361d2b1.tlog\link.write.1.tlog
c:\users\tiny\desktop\skeletal animation\skeletal animation\debug\skeletal.5361d2b1.tlog\rc.command.1.tlog
c:\users\tiny\desktop\skeletal animation\skeletal animation\debug\skeletal.5361d2b1.tlog\rc.read.1.tlog
c:\users\tiny\desktop\skeletal animation\skeletal animation\debug\skeletal.5361d2b1.tlog\rc.write.1.tlog
